<?xml version="1.0" encoding="UTF-8"?>
<testsuite xmlns:xsi="http://www.w3.org/2001/XMLSchema-instance" xsi:noNamespaceSchemaLocation="https://maven.apache.org/surefire/maven-surefire-plugin/xsd/surefire-test-report-3.0.xsd" version="3.0" name="com.resumeai.controller.AuthControllerTests" time="7.149" tests="1" errors="0" skipped="0" failures="0">
  <properties>
[...]
</properties>
  <testcase name="testUserRegistrationAndLoginFlow" classname="com.resumeai.controller.AuthControllerTests" time="1.211">
    <system-out><![CDATA[01:05:44.679 [main] INFO org.springframework.test.context.support.AnnotationConfigContextLoaderUtils -- Could not detect default configuration classes for test class [com.resumeai.controller.AuthControllerTests]: AuthControllerTests does not declare any static, non-private, non-final, nested classes annotated with @Configuration.
01:05:44.833 [main] INFO org.springframework.boot.test.context.SpringBootTestContextBootstrapper -- Found @SpringBootConfiguration com.resumeai.ResumeAiApplication for test class com.resumeai.controller.AuthControllerTests

  .   ____          _            __ _ _
 /\\ / ___'_ __ _ _(_)_ __  __ _ \ \ \ \
( ( )\___ | '_ | '_| | '_ \/ _` | \ \ \ \
 \\/  ___)| |_)| | | | | || (_| |  ) ) ) )
  '  |____| .__|_| |_|_| |_\__, | / / / /
 =========|_|==============|___/=/_/_/_/

 :: Spring Boot ::                (v3.3.4)

2026-07-12T01:05:45.399+05:30  INFO 32872 --- [resumeai-backend] [           main] c.r.controller.AuthControllerTests       : Starting AuthControllerTests using Java 24.0.1 with PID 32872 (started by vivek in C:\Users\vivek\Desktop\resumee\backend)
2026-07-12T01:05:45.401+05:30  INFO 32872 --- [resumeai-backend] [           main] c.r.controller.AuthControllerTests       : The following 1 profile is active: "dev"
2026-07-12T01:05:46.150+05:30  INFO 32872 --- [resumeai-backend] [           main] .s.d.r.c.RepositoryConfigurationDelegate : Bootstrapping Spring Data JPA repositories in DEFAULT mode.
2026-07-12T01:05:46.221+05:30  INFO 32872 --- [resumeai-backend] [           main] .s.d.r.c.RepositoryConfigurationDelegate : Finished Spring Data repository scanning in 60 ms. Found 3 JPA repository interfaces.
2026-07-12T01:05:46.780+05:30  INFO 32872 --- [resumeai-backend] [           main] o.hibernate.jpa.internal.util.LogHelper  : HHH000204: Processing PersistenceUnitInfo [name: default]
2026-07-12T01:05:46.883+05:30  INFO 32872 --- [resumeai-backend] [           main] org.hibernate.Version                    : HHH000412: Hibernate ORM core version 6.5.3.Final
2026-07-12T01:05:46.930+05:30  INFO 32872 --- [resumeai-backend] [           main] o.h.c.internal.RegionFactoryInitiator    : HHH000026: Second-level cache disabled
2026-07-12T01:05:47.351+05:30  INFO 32872 --- [resumeai-backend] [           main] o.s.o.j.p.SpringPersistenceUnitInfo      : No LoadTimeWeaver setup: ignoring JPA class transformer
2026-07-12T01:05:47.386+05:30  INFO 32872 --- [resumeai-backend] [           main] com.zaxxer.hikari.HikariDataSource       : HikariPool-1 - Starting...
2026-07-12T01:05:47.586+05:30  INFO 32872 --- [resumeai-backend] [           main] com.zaxxer.hikari.pool.HikariPool        : HikariPool-1 - Added connection conn0: url=jdbc:h2:mem:resumeaidb user=SA
2026-07-12T01:05:47.587+05:30  INFO 32872 --- [resumeai-backend] [           main] com.zaxxer.hikari.HikariDataSource       : HikariPool-1 - Start completed.
2026-07-12T01:05:47.618+05:30  WARN 32872 --- [resumeai-backend] [           main] org.hibernate.orm.deprecation            : HHH90000025: H2Dialect does not need to be specified explicitly using 'hibernate.dialect' (remove the property setting and it will be selected by default)
2026-07-12T01:05:48.847+05:30  INFO 32872 --- [resumeai-backend] [           main] o.h.e.t.j.p.i.JtaPlatformInitiator       : HHH000489: No JTA platform available (set 'hibernate.transaction.jta.platform' to enable JTA platform integration)
Hibernate: 
    create table certifications (
        id bigint generated by default as identity,
        credential_id varchar(255),
        credential_url varchar(255),
        expiration_date date,
        issue_date date,
        issuer varchar(255) not null,
        list_order integer,
        name varchar(255) not null,
        resume_id uuid not null,
        primary key (id)
    )
Hibernate: 
    create table educations (
        id bigint generated by default as identity,
        board varchar(255),
        cgpa float(24),
        city varchar(255),
        college varchar(255),
        country varchar(255),
        course varchar(255),
        degree varchar(255) not null,
        end_year integer,
        grade varchar(255),
        list_order integer,
        percentage float(24),
        specialization varchar(255),
        start_year integer,
        university varchar(255),
        resume_id uuid not null,
        primary key (id)
    )
Hibernate: 
    create table experiences (
        id bigint generated by default as identity,
        achievements TEXT,
        company varchar(255) not null,
        employment_type varchar(255),
        end_date date,
        industry varchar(255),
        is_current_job boolean,
        job_title varchar(255) not null,
        list_order integer,
        location varchar(255),
        responsibilities TEXT,
        start_date date,
        team_size integer,
        technologies varchar(255),
        work_mode varchar(255),
        resume_id uuid not null,
        primary key (id)
    )
Hibernate: 
    create table personal_details (
        id bigint generated by default as identity,
        address TEXT,
        alternate_phone varchar(255),
        behance varchar(255),
        city varchar(255),
        codechef varchar(255),
        codeforces varchar(255),
        country varchar(255),
        current_position varchar(255),
        custom_links TEXT,
        date_of_birth date,
        dribbble varchar(255),
        email varchar(255),
        first_name varchar(255),
        geeksforgeeks varchar(255),
        github varchar(255),
        hackerrank varchar(255),
        kaggle varchar(255),
        last_name varchar(255),
        leetcode varchar(255),
        linkedin varchar(255),
        medium varchar(255),
        middle_name varchar(255),
        nationality varchar(255),
        phone varchar(255),
        photo_url varchar(255),
        portfolio varchar(255),
        postal_code varchar(255),
        preferred_name varchar(255),
        professional_title varchar(255),
        stackoverflow varchar(255),
        state varchar(255),
        twitter varchar(255),
        website varchar(255),
        resume_id uuid not null,
        primary key (id)
    )
Hibernate: 
    create table projects (
        id bigint generated by default as identity,
        achievements TEXT,
        app_store_url varchar(255),
        challenges TEXT,
        detailed_description TEXT,
        duration varchar(255),
        features TEXT,
        github_url varchar(255),
        learnings TEXT,
        list_order integer,
        live_demo_url varchar(255),
        name varchar(255) not null,
        play_store_url varchar(255),
        role varchar(255),
        short_description varchar(255),
        team_size integer,
        tech_stack varchar(255),
        resume_id uuid not null,
        primary key (id)
    )
Hibernate: 
    create table resume_versions (
        id uuid not null,
        created_at timestamp(6) with time zone,
        resume_data_json TEXT not null,
        version_name varchar(255) not null,
        resume_id uuid not null,
        primary key (id)
    )
Hibernate: 
    create table resumes (
        id uuid not null,
        accent_color varchar(255),
        created_at timestamp(6) with time zone,
        font varchar(255),
        font_size varchar(255),
        line_spacing float(24),
        margins float(24),
        paper_size varchar(255),
        section_order varchar(255),
        show_icons boolean,
        show_photo boolean,
        target_job_role varchar(255),
        template_id varchar(255),
        title varchar(255) not null,
        updated_at timestamp(6) with time zone,
        user_id uuid,
        primary key (id)
    )
Hibernate: 
    create table skills (
        id bigint generated by default as identity,
        category varchar(255) not null,
        items varchar(255) not null,
        list_order integer,
        resume_id uuid not null,
        primary key (id)
    )
Hibernate: 
    create table users (
        id uuid not null,
        created_at timestamp(6) with time zone,
        email varchar(255) not null,
        full_name varchar(255),
        password varchar(255) not null,
        role enum ('ADMIN','GUEST','PREMIUM','REGISTERED') not null,
        updated_at timestamp(6) with time zone,
        primary key (id)
    )
Hibernate: 
    alter table if exists personal_details 
       drop constraint if exists UKrf3e4dxejlbkifdipr122dbbu
Hibernate: 
    alter table if exists personal_details 
       add constraint UKrf3e4dxejlbkifdipr122dbbu unique (resume_id)
Hibernate: 
    alter table if exists users 
       drop constraint if exists UK6dotkott2kjsp8vw4d0m25fb7
Hibernate: 
    alter table if exists users 
       add constraint UK6dotkott2kjsp8vw4d0m25fb7 unique (email)
Hibernate: 
    alter table if exists certifications 
       add constraint FKoh9f8otihk8giymc8j369irey 
       foreign key (resume_id) 
       references resumes
Hibernate: 
    alter table if exists educations 
       add constraint FKo2o6l2a14fq9hkoo9io2st374 
       foreign key (resume_id) 
       references resumes
Hibernate: 
    alter table if exists experiences 
       add constraint FKhhketaibrcmn9m582gb8jwipv 
       foreign key (resume_id) 
       references resumes
Hibernate: 
    alter table if exists personal_details 
       add constraint FKgai7yjky9vx4u80ytwu9o1fmo 
       foreign key (resume_id) 
       references resumes
Hibernate: 
    alter table if exists projects 
       add constraint FK5jas27wybjpt7np4kjkf0ftxy 
       foreign key (resume_id) 
       references resumes
Hibernate: 
    alter table if exists resume_versions 
       add constraint FK2tc1ij6lmop8569p74kl2u2ut 
       foreign key (resume_id) 
       references resumes
Hibernate: 
    alter table if exists resumes 
       add constraint FK340nuaivxiy99hslr3sdydfvv 
       foreign key (user_id) 
       references users
Hibernate: 
    alter table if exists skills 
       add constraint FK8lvpcbo92i34gfp0h0ydq5vcm 
       foreign key (resume_id) 
       references resumes
2026-07-12T01:05:48.933+05:30  INFO 32872 --- [resumeai-backend] [           main] j.LocalContainerEntityManagerFactoryBean : Initialized JPA EntityManagerFactory for persistence unit 'default'
2026-07-12T01:05:49.386+05:30  INFO 32872 --- [resumeai-backend] [           main] r$InitializeUserDetailsManagerConfigurer : Global AuthenticationManager configured with UserDetailsService bean with name customUserDetailsService
2026-07-12T01:05:49.547+05:30  WARN 32872 --- [resumeai-backend] [           main] JpaBaseConfiguration$JpaWebConfiguration : spring.jpa.open-in-view is enabled by default. Therefore, database queries may be performed during view rendering. Explicitly configure spring.jpa.open-in-view to disable this warning
2026-07-12T01:05:50.331+05:30  INFO 32872 --- [resumeai-backend] [           main] o.s.b.a.h2.H2ConsoleAutoConfiguration    : H2 console available at '/h2-console'. Database available at 'jdbc:h2:mem:resumeaidb'
2026-07-12T01:05:50.411+05:30  INFO 32872 --- [resumeai-backend] [           main] o.s.b.t.m.w.SpringBootMockServletContext : Initializing Spring TestDispatcherServlet ''
2026-07-12T01:05:50.411+05:30  INFO 32872 --- [resumeai-backend] [           main] o.s.t.web.servlet.TestDispatcherServlet  : Initializing Servlet ''
2026-07-12T01:05:50.412+05:30  INFO 32872 --- [resumeai-backend] [           main] o.s.t.web.servlet.TestDispatcherServlet  : Completed initialization in 0 ms
2026-07-12T01:05:50.431+05:30  INFO 32872 --- [resumeai-backend] [           main] c.r.controller.AuthControllerTests       : Started AuthControllerTests in 5.42 seconds (process running for 6.505)
Hibernate: 
    select
        u1_0.id,
        u1_0.created_at,
        u1_0.email,
        u1_0.full_name,
        u1_0.password,
        u1_0.role,
        u1_0.updated_at 
    from
        users u1_0
Hibernate: 
    select
        u1_0.id 
    from
        users u1_0 
    where
        u1_0.email=? 
    fetch
        first ? rows only
Hibernate: 
    insert 
    into
        users
        (created_at, email, full_name, password, role, updated_at, id) 
    values
        (?, ?, ?, ?, ?, ?, ?)
Hibernate: 
    select
        u1_0.id 
    from
        users u1_0 
    where
        u1_0.email=? 
    fetch
        first ? rows only
Hibernate: 
    select
        u1_0.id,
        u1_0.created_at,
        u1_0.email,
        u1_0.full_name,
        u1_0.password,
        u1_0.role,
        u1_0.updated_at 
    from
        users u1_0 
    where
        u1_0.email=?
Hibernate: 
    select
        u1_0.id,
        u1_0.created_at,
        u1_0.email,
        u1_0.full_name,
        u1_0.password,
        u1_0.role,
        u1_0.updated_at 
    from
        users u1_0 
    where
        u1_0.email=?
Hibernate: 
    select
        u1_0.id,
        u1_0.created_at,
        u1_0.email,
        u1_0.full_name,
        u1_0.password,
        u1_0.role,
        u1_0.updated_at 
    from
        users u1_0 
    where
        u1_0.email=?
]]></system-out>
    <system-err><![CDATA[WARNING: A Java agent has been loaded dynamically (C:\Users\vivek\.m2\repository\net\bytebuddy\byte-buddy-agent\1.14.19\byte-buddy-agent-1.14.19.jar)
WARNING: If a serviceability tool is in use, please run with -XX:+EnableDynamicAgentLoading to hide this warning
WARNING: If a serviceability tool is not in use, please run with -Djdk.instrument.traceUsage for more information
WARNING: Dynamic loading of agents will be disallowed by default in a future release
]]></system-err>
  </testcase>
</testsuite>