<?xml version="1.0" encoding="UTF-8"?>
<testsuite xmlns:xsi="http://www.w3.org/2001/XMLSchema-instance" xsi:noNamespaceSchemaLocation="https://maven.apache.org/surefire/maven-surefire-plugin/xsd/surefire-test-report-3.0.xsd" version="3.0" name="com.resumeai.repository.DatabasePersistenceTests" time="1.004" tests="1" errors="0" skipped="0" failures="0">
  <properties>
[...]
</properties>
  <testcase name="testUserAndResumePersistence" classname="com.resumeai.repository.DatabasePersistenceTests" time="0.077">
    <system-out><![CDATA[2026-07-12T01:05:52.012+05:30  INFO 32872 --- [resumeai-backend] [           main] t.c.s.AnnotationConfigContextLoaderUtils : Could not detect default configuration classes for test class [com.resumeai.repository.DatabasePersistenceTests]: DatabasePersistenceTests does not declare any static, non-private, non-final, nested classes annotated with @Configuration.
2026-07-12T01:05:52.022+05:30  INFO 32872 --- [resumeai-backend] [           main] .b.t.c.SpringBootTestContextBootstrapper : Found @SpringBootConfiguration com.resumeai.ResumeAiApplication for test class com.resumeai.repository.DatabasePersistenceTests

  .   ____          _            __ _ _
 /\\ / ___'_ __ _ _(_)_ __  __ _ \ \ \ \
( ( )\___ | '_ | '_| | '_ \/ _` | \ \ \ \
 \\/  ___)| |_)| | | | | || (_| |  ) ) ) )
  '  |____| .__|_| |_|_| |_\__, | / / / /
 =========|_|==============|___/=/_/_/_/

 :: Spring Boot ::                (v3.3.4)

2026-07-12T01:05:52.053+05:30  INFO 32872 --- [resumeai-backend] [           main] c.r.repository.DatabasePersistenceTests  : Starting DatabasePersistenceTests using Java 24.0.1 with PID 32872 (started by vivek in C:\Users\vivek\Desktop\resumee\backend)
2026-07-12T01:05:52.053+05:30  INFO 32872 --- [resumeai-backend] [           main] c.r.repository.DatabasePersistenceTests  : The following 1 profile is active: "dev"
2026-07-12T01:05:52.248+05:30  INFO 32872 --- [resumeai-backend] [           main] .s.d.r.c.RepositoryConfigurationDelegate : Bootstrapping Spring Data JPA repositories in DEFAULT mode.
2026-07-12T01:05:52.283+05:30  INFO 32872 --- [resumeai-backend] [           main] .s.d.r.c.RepositoryConfigurationDelegate : Finished Spring Data repository scanning in 34 ms. Found 3 JPA repository interfaces.
2026-07-12T01:05:52.358+05:30  INFO 32872 --- [resumeai-backend] [           main] o.hibernate.jpa.internal.util.LogHelper  : HHH000204: Processing PersistenceUnitInfo [name: default]
2026-07-12T01:05:52.362+05:30  INFO 32872 --- [resumeai-backend] [           main] o.h.c.internal.RegionFactoryInitiator    : HHH000026: Second-level cache disabled
2026-07-12T01:05:52.372+05:30  INFO 32872 --- [resumeai-backend] [           main] o.s.o.j.p.SpringPersistenceUnitInfo      : No LoadTimeWeaver setup: ignoring JPA class transformer
2026-07-12T01:05:52.374+05:30  INFO 32872 --- [resumeai-backend] [           main] com.zaxxer.hikari.HikariDataSource       : HikariPool-2 - Starting...
2026-07-12T01:05:52.376+05:30  INFO 32872 --- [resumeai-backend] [           main] com.zaxxer.hikari.pool.HikariPool        : HikariPool-2 - Added connection conn10: url=jdbc:h2:mem:resumeaidb user=SA
2026-07-12T01:05:52.376+05:30  INFO 32872 --- [resumeai-backend] [           main] com.zaxxer.hikari.HikariDataSource       : HikariPool-2 - Start completed.
2026-07-12T01:05:52.377+05:30  WARN 32872 --- [resumeai-backend] [           main] org.hibernate.orm.deprecation            : HHH90000025: H2Dialect does not need to be specified explicitly using 'hibernate.dialect' (remove the property setting and it will be selected by default)
2026-07-12T01:05:52.597+05:30  INFO 32872 --- [resumeai-backend] [           main] o.h.e.t.j.p.i.JtaPlatformInitiator       : HHH000489: No JTA platform available (set 'hibernate.transaction.jta.platform' to enable JTA platform integration)
Hibernate: 
    alter table if exists experiences 
       alter column achievements set data type TEXT
Hibernate: 
    alter table if exists experiences 
       alter column responsibilities set data type TEXT
Hibernate: 
    alter table if exists personal_details 
       alter column address set data type TEXT
Hibernate: 
    alter table if exists personal_details 
       alter column custom_links set data type TEXT
Hibernate: 
    alter table if exists projects 
       alter column achievements set data type TEXT
Hibernate: 
    alter table if exists projects 
       alter column challenges set data type TEXT
Hibernate: 
    alter table if exists projects 
       alter column detailed_description set data type TEXT
Hibernate: 
    alter table if exists projects 
       alter column features set data type TEXT
Hibernate: 
    alter table if exists projects 
       alter column learnings set data type TEXT
Hibernate: 
    alter table if exists resume_versions 
       alter column resume_data_json set data type TEXT
2026-07-12T01:05:52.618+05:30  INFO 32872 --- [resumeai-backend] [           main] j.LocalContainerEntityManagerFactoryBean : Initialized JPA EntityManagerFactory for persistence unit 'default'
2026-07-12T01:05:52.648+05:30  INFO 32872 --- [resumeai-backend] [           main] r$InitializeUserDetailsManagerConfigurer : Global AuthenticationManager configured with UserDetailsService bean with name customUserDetailsService
2026-07-12T01:05:52.738+05:30  WARN 32872 --- [resumeai-backend] [           main] JpaBaseConfiguration$JpaWebConfiguration : spring.jpa.open-in-view is enabled by default. Therefore, database queries may be performed during view rendering. Explicitly configure spring.jpa.open-in-view to disable this warning
2026-07-12T01:05:52.898+05:30  INFO 32872 --- [resumeai-backend] [           main] o.s.b.a.h2.H2ConsoleAutoConfiguration    : H2 console available at '/h2-console'. Database available at 'jdbc:h2:mem:resumeaidb'
2026-07-12T01:05:52.930+05:30  INFO 32872 --- [resumeai-backend] [           main] c.r.repository.DatabasePersistenceTests  : Started DatabasePersistenceTests in 0.902 seconds (process running for 9.004)
Hibernate: 
    insert 
    into
        users
        (created_at, email, full_name, password, role, updated_at, id) 
    values
        (?, ?, ?, ?, ?, ?, ?)
Hibernate: 
    insert 
    into
        resumes
        (accent_color, created_at, font, font_size, line_spacing, margins, paper_size, section_order, show_icons, show_photo, target_job_role, template_id, title, updated_at, user_id, id) 
    values
        (?, ?, ?, ?, ?, ?, ?, ?, ?, ?, ?, ?, ?, ?, ?, ?)
Hibernate: 
    insert 
    into
        certifications
        (credential_id, credential_url, expiration_date, issue_date, issuer, list_order, name, resume_id, id) 
    values
        (?, ?, ?, ?, ?, ?, ?, ?, default)
Hibernate: 
    insert 
    into
        educations
        (board, cgpa, city, college, country, course, degree, end_year, grade, list_order, percentage, resume_id, specialization, start_year, university, id) 
    values
        (?, ?, ?, ?, ?, ?, ?, ?, ?, ?, ?, ?, ?, ?, ?, default)
Hibernate: 
    insert 
    into
        experiences
        (achievements, company, employment_type, end_date, industry, is_current_job, job_title, list_order, location, responsibilities, resume_id, start_date, team_size, technologies, work_mode, id) 
    values
        (?, ?, ?, ?, ?, ?, ?, ?, ?, ?, ?, ?, ?, ?, ?, default)
Hibernate: 
    insert 
    into
        personal_details
        (address, alternate_phone, behance, city, codechef, codeforces, country, current_position, custom_links, date_of_birth, dribbble, email, first_name, geeksforgeeks, github, hackerrank, kaggle, last_name, leetcode, linkedin, medium, middle_name, nationality, phone, photo_url, portfolio, postal_code, preferred_name, professional_title, resume_id, stackoverflow, state, twitter, website, id) 
    values
        (?, ?, ?, ?, ?, ?, ?, ?, ?, ?, ?, ?, ?, ?, ?, ?, ?, ?, ?, ?, ?, ?, ?, ?, ?, ?, ?, ?, ?, ?, ?, ?, ?, ?, default)
Hibernate: 
    insert 
    into
        projects
        (achievements, app_store_url, challenges, detailed_description, duration, features, github_url, learnings, list_order, live_demo_url, name, play_store_url, resume_id, role, short_description, team_size, tech_stack, id) 
    values
        (?, ?, ?, ?, ?, ?, ?, ?, ?, ?, ?, ?, ?, ?, ?, ?, ?, default)
Hibernate: 
    insert 
    into
        skills
        (category, items, list_order, resume_id, id) 
    values
        (?, ?, ?, ?, default)
Hibernate: 
    insert 
    into
        resume_versions
        (created_at, resume_id, resume_data_json, version_name, id) 
    values
        (?, ?, ?, ?, ?)
Hibernate: 
    select
        rv1_0.id,
        rv1_0.created_at,
        rv1_0.resume_id,
        rv1_0.resume_data_json,
        rv1_0.version_name 
    from
        resume_versions rv1_0 
    where
        rv1_0.resume_id=? 
    order by
        rv1_0.created_at desc
]]></system-out>
  </testcase>
</testsuite>